TN:
SF:/Users/asifali/Documents/Serverless/my-service/src/campaigns.js
FN:7,(anonymous_0)
FN:9,(anonymous_1)
FNF:2
FNH:2
FNDA:3,(anonymous_0)
FNDA:2,(anonymous_1)
DA:1,1
DA:2,1
DA:3,1
DA:7,1
DA:9,3
DA:11,2
DA:13,1
DA:18,1
DA:22,1
DA:27,1
LF:10
LH:10
BRDA:11,0,0,1
BRDA:11,0,1,1
BRDA:14,1,0,1
BRDA:14,1,1,1
BRF:4
BRH:4
end_of_record
TN:
SF:/Users/asifali/Documents/Serverless/my-service/src/campaignsbyuser.js
FN:5,(anonymous_0)
FN:23,(anonymous_1)
FNF:2
FNH:2
FNDA:4,(anonymous_0)
FNDA:2,(anonymous_1)
DA:2,1
DA:3,1
DA:5,1
DA:7,4
DA:8,1
DA:13,1
DA:15,3
DA:23,3
DA:25,2
DA:26,1
DA:31,1
DA:35,1
DA:39,1
LF:13
LH:13
BRDA:7,0,0,1
BRDA:7,0,1,3
BRDA:25,1,0,1
BRDA:25,1,1,1
BRDA:27,2,0,1
BRDA:27,2,1,1
BRF:6
BRH:6
end_of_record
TN:
SF:/Users/asifali/Documents/Serverless/my-service/src/campaignssorted.js
FN:5,(anonymous_0)
FN:26,(anonymous_1)
FNF:2
FNH:2
FNDA:4,(anonymous_0)
FNDA:2,(anonymous_1)
DA:2,1
DA:3,1
DA:5,1
DA:8,4
DA:9,1
DA:14,1
DA:16,3
DA:26,3
DA:28,2
DA:29,1
DA:34,1
DA:37,1
DA:41,1
LF:13
LH:13
BRDA:8,0,0,1
BRDA:8,0,1,3
BRDA:28,1,0,1
BRDA:28,1,1,1
BRDA:30,2,0,1
BRDA:30,2,1,1
BRF:6
BRH:6
end_of_record
TN:
SF:/Users/asifali/Documents/Serverless/my-service/src/createCampaign.js
FN:5,(anonymous_0)
FN:35,(anonymous_1)
FNF:2
FNH:1
FNDA:2,(anonymous_0)
FNDA:0,(anonymous_1)
DA:2,1
DA:3,1
DA:5,1
DA:7,2
DA:8,2
DA:12,1
DA:17,1
DA:19,1
DA:29,1
DA:35,1
DA:37,0
DA:38,0
DA:39,0
DA:44,0
DA:48,0
DA:52,0
LF:16
LH:10
BRDA:8,0,0,1
BRDA:8,0,1,1
BRDA:8,1,0,2
BRDA:8,1,1,1
BRDA:8,1,2,1
BRDA:8,1,3,1
BRDA:8,1,4,1
BRDA:38,2,0,0
BRDA:38,2,1,0
BRF:9
BRH:7
end_of_record
